<?xml version="1.0" encoding="UTF-8"?>
<!-- Generated by org.testng.reporters.JUnitReportReporter -->
<testsuite hostname="IN-AMishra" name="com.test.AutoLogin" tests="1" failures="0" timestamp="30 Jan 2018 16:22:03 GMT" time="77.305" errors="0">
  <testcase name="test" time="77.305" classname="com.test.AutoLogin"/>
</testsuite> <!-- com.test.AutoLogin -->
